\BOOKMARK [1][-]{section.1}{Allgemeine Informationen}{}
\BOOKMARK [2][-]{subsection.1.1}{Hinweis}{section.1}
\BOOKMARK [2][-]{subsection.1.2}{Arbeitsgruppe}{section.1}
\BOOKMARK [1][-]{section.2}{Das Hauptmen\374}{}
\BOOKMARK [2][-]{subsection.2.1}{Button Bereich}{section.2}
\BOOKMARK [2][-]{subsection.2.2}{Gruppenauswahl}{section.2}
\BOOKMARK [1][-]{section.3}{Der Charaktermanager}{}
\BOOKMARK [2][-]{subsection.3.1}{Der Gruppenmanager}{section.3}
\BOOKMARK [2][-]{subsection.3.2}{Der Spielercharaktermanager}{section.3}
\BOOKMARK [3][-]{subsubsection.3.2.1}{Die drei Untertabs f\374r Spielercharakter-Eigenschaften}{subsection.3.2}
\BOOKMARK [2][-]{subsection.3.3}{Der Nichtspieler-Typ-Manager}{section.3}
\BOOKMARK [3][-]{subsubsection.3.3.1}{Die zwei Untertabs f\374r Nichtspieler-Typen-Eigenschaften}{subsection.3.3}
\BOOKMARK [1][-]{section.4}{Der Kampf}{}
\BOOKMARK [2][-]{subsection.4.1}{Die Gegnerrunde}{section.4}
\BOOKMARK [2][-]{subsection.4.2}{Die Spielerrunde}{section.4}
\BOOKMARK [2][-]{subsection.4.3}{Das Kampfende}{section.4}
\BOOKMARK [1][-]{section.5}{Der H\344ndler}{}
\BOOKMARK [2][-]{subsection.5.1}{Allgemein}{section.5}
\BOOKMARK [2][-]{subsection.5.2}{Inventar}{section.5}
\BOOKMARK [2][-]{subsection.5.3}{R\374stung und Waffen}{section.5}
\BOOKMARK [1][-]{section.6}{W\374rfeln}{}
